app/build/outputs/mapping/release/seeds.txt
com.tixon.timemanagement.MainActivityDelete
com.tixon.timemanagement.MainActivityDelete: MainActivityDelete()
com.tixon.timemanagement.MyApplication
com.tixon.timemanagement.MyApplication: MyApplication()
com.tixon.timemanagement.R$anim: int abc_fade_in
com.tixon.timemanagement.R$anim: int abc_fade_out
com.tixon.timemanagement.R$anim: int abc_grow_fade_in_from_bottom
com.tixon.timemanagement.R$anim: int abc_popup_enter
com.tixon.timemanagement.R$anim: int abc_popup_exit
com.tixon.timemanagement.R$anim: int abc_shrink_fade_out_from_bottom
com.tixon.timemanagement.R$anim: int abc_slide_in_bottom
com.tixon.timemanagement.R$anim: int abc_slide_in_top
com.tixon.timemanagement.R$anim: int abc_slide_out_bottom
com.tixon.timemanagement.R$anim: int abc_slide_out_top
com.tixon.timemanagement.R$anim: int design_bottom_sheet_slide_in
com.tixon.timemanagement.R$anim: int design_bottom_sheet_slide_out
com.tixon.timemanagement.R$anim: int design_fab_in
com.tixon.timemanagement.R$anim: int design_fab_out
com.tixon.timemanagement.R$anim: int design_snackbar_in
com.tixon.timemanagement.R$anim: int design_snackbar_out
com.tixon.timemanagement.R$anim: int image_task_hide_scale
com.tixon.timemanagement.R$anim: int white_background_show_alpha
com.tixon.timemanagement.R$attr: int actionBarDivider
com.tixon.timemanagement.R$attr: int actionBarItemBackground
com.tixon.timemanagement.R$attr: int actionBarPopupTheme
com.tixon.timemanagement.R$attr: int actionBarSize
com.tixon.timemanagement.R$attr: int actionBarSplitStyle
com.tixon.timemanagement.R$attr: int actionBarStyle
com.tixon.timemanagement.R$attr: int actionBarTabBarStyle
com.tixon.timemanagement.R$attr: int actionBarTabStyle
com.tixon.timemanagement.R$attr: int actionBarTabTextStyle
com.tixon.timemanagement.R$attr: int actionBarTheme
com.tixon.timemanagement.R$attr: int actionBarWidgetTheme
com.tixon.timemanagement.R$attr: int actionButtonStyle
com.tixon.timemanagement.R$attr: int actionDropDownStyle
com.tixon.timemanagement.R$attr: int actionLayout
com.tixon.timemanagement.R$attr: int actionMenuTextAppearance
com.tixon.timemanagement.R$attr: int actionMenuTextColor
com.tixon.timemanagement.R$attr: int actionModeBackground
com.tixon.timemanagement.R$attr: int actionModeCloseButtonStyle
com.tixon.timemanagement.R$attr: int actionModeCloseDrawable
com.tixon.timemanagement.R$attr: int actionModeCopyDrawable
com.tixon.timemanagement.R$attr: int actionModeCutDrawable
com.tixon.timemanagement.R$attr: int actionModeFindDrawable
com.tixon.timemanagement.R$attr: int actionModePasteDrawable
com.tixon.timemanagement.R$attr: int actionModePopupWindowStyle
com.tixon.timemanagement.R$attr: int actionModeSelectAllDrawable
com.tixon.timemanagement.R$bool: int abc_action_bar_embed_tabs
com.tixon.timemanagement.R$bool: int abc_action_bar_embed_tabs_pre_jb
com.tixon.timemanagement.R$bool: int abc_action_bar_expanded_action_views_exclusive
com.tixon.timemanagement.R$bool: int abc_allow_stacked_button_bar
com.tixon.timemanagement.R$bool: int abc_config_actionMenuItemAllCaps
com.tixon.timemanagement.R$bool: int abc_config_allowActionMenuItemTextWithIcon
com.tixon.timemanagement.R$bool: int abc_config_closeDialogWhenTouchOutside
com.tixon.timemanagement.R$bool: int abc_config_showMenuShortcutsWhenKeyboardPresent
...
android.support.v7.widget.FitWindowsFrameLayout
android.support.v7.widget.FitWindowsFrameLayout: FitWindowsFrameLayout(android.content.Context)
android.support.v7.widget.FitWindowsFrameLayout: FitWindowsFrameLayout(android.content.Context,android.util.AttributeSet)
android.support.v7.widget.FitWindowsFrameLayout: void setOnFitSystemWindowsListener(android.support.v7.widget.FitWindowsViewGroup$OnFitSystemWindowsListener)
android.support.v7.widget.FitWindowsLinearLayout
android.support.v7.widget.FitWindowsLinearLayout: FitWindowsLinearLayout(android.content.Context)
android.support.v7.widget.FitWindowsLinearLayout: FitWindowsLinearLayout(android.content.Context,android.util.AttributeSet)
android.support.v7.widget.FitWindowsLinearLayout: void setOnFitSystemWindowsListener(android.support.v7.widget.FitWindowsViewGroup$OnFitSystemWindowsListener)
android.support.v7.widget.GridLayoutManager
android.support.v7.widget.GridLayoutManager: GridLayoutManager(android.content.Context,android.util.AttributeSet,int,int)
android.support.v7.widget.GridLayoutManager: GridLayoutManager(android.content.Context,int)
android.support.v7.widget.GridLayoutManager: GridLayoutManager(android.content.Context,int,int,boolean)
android.support.v7.widget.LinearLayoutCompat: LinearLayoutCompat(android.content.Context)
android.support.v7.widget.LinearLayoutCompat: LinearLayoutCompat(android.content.Context,android.util.AttributeSet)
android.support.v7.widget.LinearLayoutCompat: LinearLayoutCompat(android.content.Context,android.util.AttributeSet,int)
android.support.v7.widget.LinearLayoutCompat: void setShowDividers(int)
android.support.v7.widget.LinearLayoutCompat: int getShowDividers()
android.support.v7.widget.LinearLayoutCompat: android.graphics.drawable.Drawable getDividerDrawable()
android.support.v7.widget.LinearLayoutCompat: void setDividerDrawable(android.graphics.drawable.Drawable)
android.support.v7.widget.LinearLayoutCompat: void setDividerPadding(int)
android.support.v7.widget.LinearLayoutCompat: int getDividerPadding()
android.support.v7.widget.LinearLayoutCompat: int getDividerWidth()
android.support.v7.widget.LinearLayoutCompat: void setBaselineAligned(boolean)
android.support.v7.widget.LinearLayoutCompat: void setMeasureWithLargestChildEnabled(boolean)
android.support.v7.widget.LinearLayoutCompat: int getBaseline()
android.support.v7.widget.LinearLayoutCompat: int getBaselineAlignedChildIndex()
android.support.v7.widget.LinearLayoutCompat: void setBaselineAlignedChildIndex(int)
android.support.v7.widget.LinearLayoutCompat: int getVirtualChildCount()
android.support.v7.widget.LinearLayoutCompat: float getWeightSum()
android.support.v7.widget.LinearLayoutCompat: void setWeightSum(float)
android.support.v7.widget.LinearLayoutManager
android.support.v7.widget.LinearLayoutManager: LinearLayoutManager(android.content.Context)
android.support.v7.widget.LinearLayoutManager: LinearLayoutManager(android.content.Context,int,boolean)
android.support.v7.widget.LinearLayoutManager: LinearLayoutManager(android.content.Context,android.util.AttributeSet,int,int)
android.support.v7.widget.LinearLayoutManager$SavedState: android.os.Parcelable$Creator CREATOR
android.support.v7.widget.ListViewCompat: void setSelector(android.graphics.drawable.Drawable)
android.support.v7.widget.ListViewCompat: void setSelectorEnabled(boolean)