app/build/outputs/mapping/release/mapping.txt
com.tixon.timemanagement.MainActivityDelete -> com.tixon.timemanagement.MainActivityDelete:
    com.tixon.timemanagement.databinding.ActivityMainBinding binding -> l
    android.app.FragmentManager fm -> m
    com.tixon.timemanagement.fragments.FragmentTasksList fragmentUrgentAndImportant -> n
    com.tixon.timemanagement.fragments.FragmentTasksList fragmentUrgentAndNotImportant -> o
    com.tixon.timemanagement.fragments.FragmentTasksList fragmentNotUrgentAndImportant -> p
    com.tixon.timemanagement.fragments.FragmentTasksList fragmentNotUrgentAndNotImportant -> q
    void <init>() -> <init>
    void onCreate(android.os.Bundle) -> onCreate
    void onActivityResult(int,int,android.content.Intent) -> onActivityResult
    void onResume() -> onResume
    void showAnimation(boolean,boolean) -> a
com.tixon.timemanagement.MainActivityDelete$1 -> com.tixon.timemanagement.a:
    com.tixon.timemanagement.MainActivityDelete this$0 -> a
    void <init>(com.tixon.timemanagement.MainActivityDelete) -> <init>
    void onClick(android.view.View) -> onClick
com.tixon.timemanagement.MyApplication -> com.tixon.timemanagement.MyApplication:
    void <init>() -> <init>
    void onCreate() -> onCreate
    void onTerminate() -> onTerminate
com.tixon.timemanagement.activities.CreateTaskActivity -> com.tixon.timemanagement.activities.CreateTaskActivity:
    com.tixon.timemanagement.databinding.ActivityCreateTaskBinding binding -> l
    java.util.Calendar calendar -> m
    android.app.DatePickerDialog$OnDateSetListener dateSetListener -> n
    android.app.TimePickerDialog$OnTimeSetListener timeSetListener -> o
    void <init>() -> <init>
    void onCreate(android.os.Bundle) -> onCreate
    boolean onOptionsItemSelected(android.view.MenuItem) -> onOptionsItemSelected
    void onResume() -> onResume
    void onPause() -> onPause
    void hideKeyboard(android.view.View) -> a
    int[] getDate(java.lang.String) -> a
    int[] getTime(java.lang.String) -> b
    void saveData() -> j
    void clearData() -> k
    void readData() -> l
    java.util.Calendar access$000(com.tixon.timemanagement.activities.CreateTaskActivity) -> a
    com.tixon.timemanagement.databinding.ActivityCreateTaskBinding access$100(com.tixon.timemanagement.activities.CreateTaskActivity) -> b
    int[] access$200(com.tixon.timemanagement.activities.CreateTaskActivity,java.lang.String) -> a
    android.app.DatePickerDialog$OnDateSetListener access$300(com.tixon.timemanagement.activities.CreateTaskActivity) -> c
    int[] access$400(com.tixon.timemanagement.activities.CreateTaskActivity,java.lang.String) -> b
    android.app.TimePickerDialog$OnTimeSetListener access$500(com.tixon.timemanagement.activities.CreateTaskActivity) -> d
com.tixon.timemanagement.activities.CreateTaskActivity$1 -> com.tixon.timemanagement.activities.a:
    com.tixon.timemanagement.activities.CreateTaskActivity this$0 -> a
    void <init>(com.tixon.timemanagement.activities.CreateTaskActivity) -> <init>
    void onClick(android.view.View) -> onClick
com.tixon.timemanagement.activities.CreateTaskActivity$2 -> com.tixon.timemanagement.activities.b:
    com.tixon.timemanagement.activities.CreateTaskActivity this$0 -> a
    void <init>(com.tixon.timemanagement.activities.CreateTaskActivity) -> <init>
    void onClick(android.view.View) -> onClick
com.tixon.timemanagement.activities.CreateTaskActivity$3 -> com.tixon.timemanagement.activities.c:
    com.tixon.timemanagement.activities.CreateTaskActivity this$0 -> a
    void <init>(com.tixon.timemanagement.activities.CreateTaskActivity) -> <init>
    void beforeTextChanged(java.lang.CharSequence,int,int,int) -> beforeTextChanged
    void onTextChanged(java.lang.CharSequence,int,int,int) -> onTextChanged
    void afterTextChanged(android.text.Editable) -> afterTextChanged
...
com.j256.ormlite.field.types.DateTimeType -> com.j256.ormlite.field.types.DateTimeType:
    com.j256.ormlite.field.types.DateTimeType singleTon -> singleTon
    java.lang.Class dateTimeClass -> dateTimeClass
    java.lang.reflect.Method getMillisMethod -> getMillisMethod
    java.lang.reflect.Constructor millisConstructor -> millisConstructor
    java.lang.String[] associatedClassNames -> associatedClassNames
    void <init>() -> <init>
    void <init>(com.j256.ormlite.field.SqlType,java.lang.Class[]) -> <init>
    com.j256.ormlite.field.types.DateTimeType getSingleton() -> getSingleton
    java.lang.String[] getAssociatedClassNames() -> getAssociatedClassNames
    java.lang.Object javaToSqlArg(com.j256.ormlite.field.FieldType,java.lang.Object) -> javaToSqlArg
    java.lang.Object parseDefaultString(com.j256.ormlite.field.FieldType,java.lang.String) -> parseDefaultString
    java.lang.Object resultToSqlArg(com.j256.ormlite.field.FieldType,com.j256.ormlite.support.DatabaseResults,int) -> resultToSqlArg
    java.lang.Object sqlArgToJava(com.j256.ormlite.field.FieldType,java.lang.Object,int) -> sqlArgToJava
    boolean isEscapedValue() -> isEscapedValue
    boolean isAppropriateId() -> isAppropriateId
    java.lang.Class getPrimaryClass() -> getPrimaryClass
    java.lang.reflect.Method getMillisMethod() -> getMillisMethod
    java.lang.reflect.Constructor getConstructor() -> getConstructor
    java.lang.Class getDateTimeClass() -> getDateTimeClass
com.j256.ormlite.field.types.DateType -> com.j256.ormlite.field.types.DateType:
    com.j256.ormlite.field.types.DateType singleTon -> singleTon
    com.j256.ormlite.field.types.DateType getSingleton() -> getSingleton
    void <init>() -> <init>
    void <init>(com.j256.ormlite.field.SqlType,java.lang.Class[]) -> <init>
    java.lang.Object parseDefaultString(com.j256.ormlite.field.FieldType,java.lang.String) -> parseDefaultString
    java.lang.Object resultToSqlArg(com.j256.ormlite.field.FieldType,com.j256.ormlite.support.DatabaseResults,int) -> resultToSqlArg
    java.lang.Object sqlArgToJava(com.j256.ormlite.field.FieldType,java.lang.Object,int) -> sqlArgToJava
    java.lang.Object javaToSqlArg(com.j256.ormlite.field.FieldType,java.lang.Object) -> javaToSqlArg
    boolean isArgumentHolderRequired() -> isArgumentHolderRequired
    com.j256.ormlite.field.types.BaseDateType$DateStringFormatConfig getDefaultDateFormatConfig() -> getDefaultDateFormatConfig
    void <clinit>() -> <clinit>
com.j256.ormlite.field.types.DoubleObjectType -> com.j256.ormlite.field.types.DoubleObjectType:
    com.j256.ormlite.field.types.DoubleObjectType singleTon -> singleTon
    com.j256.ormlite.field.types.DoubleObjectType getSingleton() -> getSingleton
    void <init>() -> <init>
    void <init>(com.j256.ormlite.field.SqlType,java.lang.Class[]) -> <init>
    java.lang.Object parseDefaultString(com.j256.ormlite.field.FieldType,java.lang.String) -> parseDefaultString
    java.lang.Object resultToSqlArg(com.j256.ormlite.field.FieldType,com.j256.ormlite.support.DatabaseResults,int) -> resultToSqlArg
    boolean isEscapedValue() -> isEscapedValue
    void <clinit>() -> <clinit>
com.j256.ormlite.field.types.DoubleType -> com.j256.ormlite.field.types.DoubleType:
    com.j256.ormlite.field.types.DoubleType singleTon -> singleTon
    com.j256.ormlite.field.types.DoubleType getSingleton() -> getSingleton
    void <init>() -> <init>
    void <init>(com.j256.ormlite.field.SqlType,java.lang.Class[]) -> <init>
    boolean isPrimitive() -> isPrimitive
    void <clinit>() -> <clinit>