app/build/outputs/mapping/release/usage.txt
com.tixon.timemanagement.BR
com.tixon.timemanagement.BuildConfig
com.tixon.timemanagement.Constants
com.tixon.timemanagement.MainActivityDelete:
    public static final int REQUEST_CODE_CREATE_TASK
    75:81:private void printTasks(java.util.ArrayList)
com.tixon.timemanagement.R
com.tixon.timemanagement.R$anim
com.tixon.timemanagement.R$attr
com.tixon.timemanagement.R$bool
com.tixon.timemanagement.R$color
com.tixon.timemanagement.R$dimen
com.tixon.timemanagement.R$drawable
com.tixon.timemanagement.R$id
com.tixon.timemanagement.R$integer
com.tixon.timemanagement.R$layout
com.tixon.timemanagement.R$menu
com.tixon.timemanagement.R$mipmap
com.tixon.timemanagement.R$string
com.tixon.timemanagement.R$style
com.tixon.timemanagement.R$styleable
com.tixon.timemanagement.adapters.categorized.SimpleAdapter
com.tixon.timemanagement.adapters.categorized.SimpleAdapter$1
com.tixon.timemanagement.adapters.categorized.SimpleAdapter$SimpleViewHolder
com.tixon.timemanagement.adapters.categorized.SimpleSectionedRecyclerViewAdapter
com.tixon.timemanagement.adapters.categorized.SimpleSectionedRecyclerViewAdapter$1
com.tixon.timemanagement.adapters.categorized.SimpleSectionedRecyclerViewAdapter$2
com.tixon.timemanagement.adapters.categorized.SimpleSectionedRecyclerViewAdapter$Section
com.tixon.timemanagement.adapters.categorized.SimpleSectionedRecyclerViewAdapter$SectionViewHolder
com.tixon.timemanagement.database.DatabaseHelper:
    private static final java.lang.String LOG_TAG
    private static final java.lang.String DATABASE_NAME
    private static final int DATABASE_VERSION
    25:29:public DatabaseHelper(android.content.Context)
com.tixon.timemanagement.database.HelperFactory:
    10:10:public HelperFactory()
com.tixon.timemanagement.databinding.ActivityCreateTaskBinding:
    69:74:public boolean setVariable(int,java.lang.Object)
    78:83:public void setTask(com.tixon.timemanagement.task.Task)
    85:85:public com.tixon.timemanagement.task.Task getTask()
    90:92:protected boolean onFieldChange(int,java.lang.Object,int)
    141:141:public static com.tixon.timemanagement.databinding.ActivityCreateTaskBinding inflate(android.view.LayoutInflater,android.view.ViewGroup,boolean)
    144:144:public static com.tixon.timemanagement.databinding.ActivityCreateTaskBinding inflate(android.view.LayoutInflater,android.view.ViewGroup,boolean,android.databinding.DataBindingComponent)
    147:147:public static com.tixon.timemanagement.databinding.ActivityCreateTaskBinding inflate(android.view.LayoutInflater)
    150:150:public static com.tixon.timemanagement.databinding.ActivityCreateTaskBinding inflate(android.view.LayoutInflater,android.databinding.DataBindingComponent)
    153:153:public static com.tixon.timemanagement.databinding.ActivityCreateTaskBinding bind(android.view.View)
com.tixon.timemanagement.databinding.ActivityMainBinding:
    53:55:public boolean setVariable(int,java.lang.Object)
    60:62:protected boolean onFieldChange(int,java.lang.Object,int)
    79:79:public static com.tixon.timemanagement.databinding.ActivityMainBinding inflate(android.view.LayoutInflater,android.view.ViewGroup,boolean)
    82:82:public static com.tixon.timemanagement.databinding.ActivityMainBinding inflate(android.view.LayoutInflater,android.view.ViewGroup,boolean,android.databinding.DataBindingComponent)
    85:85:public static com.tixon.timemanagement.databinding.ActivityMainBinding inflate(android.view.LayoutInflater)
    88:88:public static com.tixon.timemanagement.databinding.ActivityMainBinding inflate(android.view.LayoutInflater,android.databinding.DataBindingComponent)
    91:91:public static com.tixon.timemanagement.databinding.ActivityMainBinding bind(android.view.View)
...
android.support.v4.speech.tts.TextToSpeechICSMR1$2
android.support.v4.speech.tts.TextToSpeechICSMR1$UtteranceProgressListenerICSMR1
android.support.v4.text.BidiFormatter
android.support.v4.text.BidiFormatter$1
android.support.v4.text.BidiFormatter$Builder
android.support.v4.text.BidiFormatter$DirectionalityEstimator
android.support.v4.text.ICUCompat:
    90:90:private ICUCompat()
android.support.v4.text.ICUCompatApi23:
    private static final java.lang.String TAG
    25:25:ICUCompatApi23()
android.support.v4.text.ICUCompatIcs:
    private static final java.lang.String TAG
    25:25:ICUCompatIcs()
android.support.v4.text.TextDirectionHeuristicCompat:
    public abstract boolean isRtl(char[],int,int)
android.support.v4.text.TextDirectionHeuristicsCompat:
    private static final int STATE_TRUE
    private static final int STATE_FALSE
    private static final int STATE_UNKNOWN
    258:258:private TextDirectionHeuristicsCompat()
android.support.v4.text.TextDirectionHeuristicsCompat$TextDirectionHeuristicImpl:
    125:125:public boolean isRtl(char[],int,int)
android.support.v4.text.TextUtilsCompat:
    129:129:public static java.lang.String htmlEncode(java.lang.String)
    151:151:private TextUtilsCompat()
android.support.v4.text.TextUtilsCompat$TextUtilsCompatImpl:
    30:59:public java.lang.String htmlEncode(java.lang.String)
android.support.v4.text.TextUtilsCompat$TextUtilsCompatJellybeanMr1Impl:
    103:103:public java.lang.String htmlEncode(java.lang.String)
android.support.v4.text.TextUtilsCompatJellybeanMr1:
    28:28:TextUtilsCompatJellybeanMr1()
    31:31:public static java.lang.String htmlEncode(java.lang.String)
android.support.v4.util.ArrayMap:
    68:69:public ArrayMap(android.support.v4.util.SimpleArrayMap)
    130:130:public boolean containsAll(java.util.Collection)
    151:151:public boolean removeAll(java.util.Collection)
android.support.v4.util.AtomicFile
android.support.v4.util.CircularArray
android.support.v4.util.CircularIntArray
android.support.v4.util.ContainerHelpers:
    19:19:ContainerHelpers()
android.support.v4.util.DebugUtils:
    25:25:public DebugUtils()
android.support.v4.util.LongSparseArray:
    132:133:public void remove(long)
    270:275:public void setValueAt(int,java.lang.Object)
    283:287:public int indexOfKey(long)
    299:307:public int indexOfValue(java.lang.Object)
    330:357:public void append(long,java.lang.Object)
android.support.v4.util.LruCache:
    61:69:public void resize(int)
    193:209:public final java.lang.Object remove(java.lang.Object)
    271:272:public final void evictAll()
    280:280:public final synchronized int size()
    289:289:public final synchronized int maxSize()
    297:297:public final synchronized int hitCount()
    305:305:public final synchronized int missCount()
    312:312:public final synchronized int createCount()
    319:319:public final synchronized int putCount()
    326:326:public final synchronized int evictionCount()
    334:334:public final synchronized java.util.Map snapshot()
android.support.v4.util.Pair
android.support.v4.util.Pools:
    69:71:private Pools()
android.support.v4.util.Pools$SynchronizedPool
android.support.v4.util.SimpleArrayMap:
    private static final boolean DEBUG
    private static final java.lang.String TAG
    private static final int BASE_SIZE
    private static final int CACHE_SIZE
    231:235:public SimpleArrayMap(android.support.v4.util.SimpleArrayMap)
    429:442:public void putAll(android.support.v4.util.SimpleArrayMap)
android.support.v4.util.SparseArrayCompat:
    119:123:public void removeAt(int)
    132:136:public void removeAtRange(int,int)
    263:268:public void setValueAt(int,java.lang.Object)
    276:280:public int indexOfKey(int)
    294:302:public int indexOfValue(java.lang.Object)
    325:352:public void append(int,java.lang.Object)
android.support.v4.util.TimeUtils
android.support.v4.view.AccessibilityDelegateCompatIcs:
    28:30:AccessibilityDelegateCompatIcs()